#Build: Fabric Compiler 2020.3-Lite, Build 71107, Mar 15 18:01 2021
#Install: C:\Users\FH\Documents\PDS_2020.3-Lite\bin
#Application name: pds_shell.exe
#OS: Windows 10 10.0.22621
#Hostname: LAPTOP-NJ92LQ7L
Generated by Fabric Compiler (version 2020.3-Lite build 71107) at Sun Feb 26 14:09:28 2023
Compiling verification operator library.
Compiling common defs.
Compiling prim grid devices.
Compiling gate devices.
Compiling gate operators.
Building architecture model.
Loading device packaging model 'MBG324'.
I: Parameter configuration file C:/Users/FH/Desktop/matrix_3x3/testparam.txt cannot open.
Starting placement and routing flow. (CPU time elapsed 0h:00m:00s)
Reading design from devmap DB.

Placement started.
Mapping instance clk_ibuf/opit_1 to IOL_7_74.
Mapping instance clkbufg_0/gopclkbufg to USCM_74_104.
Pre global placement takes 1.28 sec.
Run super clustering :
	Initial slack 989259.
	12 iterations finished.
	Final slack 994882.
Super clustering done.
Design Utilization : 2%.
Global placement takes 1.45 sec.
Wirelength after global placement is 2659.
Placed fixed group with base inst clk_ibuf/opit_1 on IOL_7_74.
Placed fixed instance clkbufg_0/gopclkbufg on USCM_74_104.
Wirelength after Macro cell placement is 2508.
Macro cell placement takes 0.00 sec.
Run super clustering :
	Initial slack 989259.
	12 iterations finished.
	Final slack 994882.
Super clustering done.
Design Utilization : 2%.
Wirelength after post global placement is 2001.
Post global placement takes 1.50 sec.
Wirelength after legalization is 2101.
Legalization takes 0.09 sec.
Worst slack before Replication Place is 995541.
Wirelength after replication placement is 2101.
Legalized cost 995541.000000.
The detailed placement ends at 11th iteration.
Wirelength after detailed placement is 2100.
Timing-driven detailed placement takes 0.34 sec.
Placement done.
Total placement takes 4.73 sec.
Finished placement. (CPU time elapsed 0h:00m:04s)

Routing started.
Building routing graph takes 0.81 sec.
Worst slack is 995869.
Processing design graph takes 0.14 sec.
Total memory for routing:
	46.982349 M.
Total nets for routing : 458.
Rcf routing step 1 processed 0 nets, it takes 0.00 sec.
Rcf routing step 2 processed 0 nets, it takes 0.00 sec.
Rcf routing step 3 processed 0 nets, it takes 0.00 sec.
Global Routing step 1 processed 0 nets, it takes 0.00 sec.
Global Routing step 2 processed 0 nets, it takes 0.00 sec.
Unrouted nets 4 at the end of iteration 0.
Unrouted nets 2 at the end of iteration 1.
Unrouted nets 0 at the end of iteration 2.
Global Routing step 3 processed 23 nets, it takes 0.02 sec.
Global routing takes 0.02 sec.
Total 497 subnets.
    forward max bucket size 61 , backward 22.
        Unrouted nets 228 at the end of iteration 0.
    route iteration 0, CPU time elapsed 0.031250 sec.
    forward max bucket size 93 , backward 26.
        Unrouted nets 195 at the end of iteration 1.
    route iteration 1, CPU time elapsed 0.031250 sec.
    forward max bucket size 94 , backward 23.
        Unrouted nets 154 at the end of iteration 2.
    route iteration 2, CPU time elapsed 0.031250 sec.
    forward max bucket size 25 , backward 31.
        Unrouted nets 120 at the end of iteration 3.
    route iteration 3, CPU time elapsed 0.000000 sec.
    forward max bucket size 30 , backward 41.
        Unrouted nets 71 at the end of iteration 4.
    route iteration 4, CPU time elapsed 0.000000 sec.
    forward max bucket size 94 , backward 42.
        Unrouted nets 54 at the end of iteration 5.
    route iteration 5, CPU time elapsed 0.000000 sec.
    forward max bucket size 21 , backward 28.
        Unrouted nets 29 at the end of iteration 6.
    route iteration 6, CPU time elapsed 0.000000 sec.
    forward max bucket size 19 , backward 59.
        Unrouted nets 15 at the end of iteration 7.
    route iteration 7, CPU time elapsed 0.000000 sec.
    forward max bucket size 14 , backward 16.
        Unrouted nets 2 at the end of iteration 8.
    route iteration 8, CPU time elapsed 0.000000 sec.
    forward max bucket size 10 , backward 6.
        Unrouted nets 2 at the end of iteration 9.
    route iteration 9, CPU time elapsed 0.000000 sec.
    forward max bucket size 14 , backward 12.
        Unrouted nets 2 at the end of iteration 10.
    route iteration 10, CPU time elapsed 0.000000 sec.
    forward max bucket size 10 , backward 12.
        Unrouted nets 2 at the end of iteration 11.
    route iteration 11, CPU time elapsed 0.000000 sec.
    forward max bucket size 9 , backward 7.
        Unrouted nets 2 at the end of iteration 12.
    route iteration 12, CPU time elapsed 0.000000 sec.
    forward max bucket size 8 , backward 8.
        Unrouted nets 0 at the end of iteration 13.
    route iteration 13, CPU time elapsed 0.015625 sec.
Detailed routing takes 0.11 sec.

Dispose routing result:
    Collect routing result.
    Delete unused device instances.
    Annotate routing result.
    Change LUT configuration.
    Dispose misc instances.
    Annotate routing result again.
Finish routing takes 0.03 sec.
Used srb routing arc is 2647.
Cleanup routing takes 0.03 sec.
Routing done.
Total routing takes 1.28 sec.


Device Utilization Summary :
+----------------------------------------------------------------------------+
| Logic Utilization        | Used     | Available     | Utilization(%)     
+----------------------------------------------------------------------------+
| Use of ADC               | 0        | 1             | 0                   
| Use of APM               | 0        | 30            | 0                   
| Use of BKCL              | 0        | 6             | 0                   
| Use of CLMA              | 50       | 3274          | 2                   
|   FF                     | 115      | 19644         | 1                   
|   LUT                    | 139      | 13096         | 1                   
|   LUT-FF pairs           | 27       | 13096         | 1                   
| Use of CLMS              | 22       | 1110          | 2                   
|   FF                     | 36       | 6660          | 1                   
|   LUT                    | 69       | 4440          | 2                   
|   LUT-FF pairs           | 8        | 4440          | 1                   
|   Distributed RAM        | 30       | 4440          | 1                   
| Use of CRYSTAL           | 0        | 6             | 0                   
| Use of DLL               | 0        | 6             | 0                   
| Use of DQSL              | 0        | 18            | 0                   
| Use of DRM               | 0        | 48            | 0                   
| Use of FLSIF             | 0        | 1             | 0                   
| Use of FUSECODE          | 0        | 1             | 0                   
| Use of HARD0N1           | 0        | 2745          | 0                   
| Use of HMEMC             | 0        | 2             | 0                   
| Use of IO                | 54       | 240           | 23                  
|   IOBD                   | 31       | 120           | 26                  
|   IOBR                   | 1        | 6             | 17                  
|   IOBS                   | 22       | 114           | 19                  
| Use of IOCKDIV           | 0        | 12            | 0                   
| Use of IOCKDLY           | 0        | 24            | 0                   
| Use of IOCKGATE          | 0        | 12            | 0                   
| Use of IOCKGMUX_TEST     | 0        | 12            | 0                   
| Use of IOL               | 54       | 240           | 23                  
| Use of IPAL              | 0        | 1             | 0                   
| Use of MFG_TEST          | 0        | 1             | 0                   
| Use of OSC               | 0        | 1             | 0                   
| Use of PLL               | 0        | 6             | 0                   
| Use of PREGMUX_TEST      | 0        | 6             | 0                   
| Use of RCKB              | 0        | 24            | 0                   
| Use of RCKBMUX_TEST      | 0        | 12            | 0                   
| Use of RESCAL            | 0        | 6             | 0                   
| Use of SCANCHAIN         | 0        | 4             | 0                   
| Use of START             | 1        | 1             | 100                 
| Use of UDID              | 0        | 1             | 0                   
| Use of USCM              | 1        | 20            | 5                   
| Use of USCMMUX_TEST      | 0        | 20            | 0                   
| Use of VCKBMUX_TEST      | 0        | 12            | 0                   
+----------------------------------------------------------------------------+

Finished routing. (CPU time elapsed 0h:00m:06s)
Design 'matrix_3x3' has been placed and routed successfully.
Saving design to DB.
Action pnr: Real time elapsed is 20.000 sec
Action pnr: CPU time elapsed is 8.984 sec
Current time: Sun Feb 26 14:09:46 2023
Action pnr: Peak memory pool usage is 414,416,896 bytes
Finished placement and routing. (CPU time elapsed 0h:00m:06s)
