#Build: Fabric Compiler 2020.3-Lite, Build 71107, Mar 15 18:01 2021
#Install: C:\Users\FH\Documents\PDS_2020.3-Lite\bin
#Application name: pds_shell.exe
#OS: Windows 10 10.0.22621
#Hostname: LAPTOP-NJ92LQ7L
Generated by Fabric Compiler (version 2020.3-Lite build 71107) at Mon Feb 27 18:59:25 2023
Compiling verification operator library.
Loading technology operator library.
Compiling technology operator library.
Compiling technology operator (valence) library.
I: Enable Verilog2k features and keywords
Executing : .rtl_analyze -include_path {C:/Users/FH/Desktop/conv3x3} C:/Users/FH/Desktop/conv3x3/source/Desktop/conv.v
I: Verilog-0001: Analyzing file C:/Users/FH/Desktop/conv3x3/source/Desktop/conv.v
I: Verilog-0002: [C:/Users/FH/Desktop/conv3x3/source/Desktop/conv.v(line number: 1)] Analyzing module conv (library work)
E: Verilog-4005: [C:/Users/FH/Desktop/conv3x3/source/Desktop/conv.v(line number: 245)] Syntax error near <=
E: Parsing ERROR.
Executing : .rtl_analyze -include_path {C:/Users/FH/Desktop/conv3x3} C:/Users/FH/Desktop/conv3x3/source/Desktop/conv.v successfully.
W: Public-4023: Error has occurred, please run command clean before running again.
W: Public-4023: Error has occurred, please run command clean before running again.
W: Public-4023: Error has occurred, please run command clean before running again.
W: Public-4023: Error has occurred, please run command clean before running again.
W: Public-4023: Error has occurred, please run command clean before running again.
W: Public-4023: Error has occurred, please run command clean before running again.
Program Error Out.
