#Build: Fabric Compiler 2020.3-Lite, Build 71107, Mar 15 18:01 2021
#Install: C:\Users\FH\Documents\PDS_2020.3-Lite\bin
#Application name: pds_shell.exe
#OS: Windows 10 10.0.22621
#Hostname: LAPTOP-NJ92LQ7L
Generated by Fabric Compiler (version 2020.3-Lite build 71107) at Mon Feb 27 20:47:22 2023
Compiling verification operator library.
Compiling common defs.
Loading technology operator library.
Compiling technology operator library.
Compiling technology operator (valence) library.
Reading design from compile DB
Reading design from compile DB successfully.
Constraint check start.
Constraint check end.
Executing : get_ports clk
Executing : get_ports clk successfully.
Executing : create_clock -name clk_Inferred [get_ports clk] -period 1000.000 -waveform {0.000 500.000} -add
Executing : create_clock -name clk_Inferred [get_ports clk] -period 1000.000 -waveform {0.000 500.000} -add successfully.
Executing : set_clock_groups -name Inferred_clock_group -asynchronous -group clk_Inferred
Executing : set_clock_groups -name Inferred_clock_group -asynchronous -group clk_Inferred successfully.
Executing : set_clock_groups -name Inferred_clock_group -asynchronous -group clk_Inferred
Executing : set_clock_groups -name Inferred_clock_group -asynchronous -group clk_Inferred successfully.
Start pre-mapping.
I: Removed bmsSUB inst N70 that is redundant to N69
I: Removed bmsSUB inst N61 that is redundant to N60
I: Removed bmsSUB inst N70 that is redundant to N69
I: Removed bmsSUB inst N61 that is redundant to N60
I: Removed bmsSUB inst N70 that is redundant to N69
I: Removed bmsSUB inst N61 that is redundant to N60
I: Removed bmsSUB inst N70 that is redundant to N69
I: Removed bmsSUB inst N61 that is redundant to N60
I: Removed bmsSUB inst N70 that is redundant to N69
I: Removed bmsSUB inst N61 that is redundant to N60
I: Removed bmsSUB inst N70 that is redundant to N69
I: Removed bmsSUB inst N61 that is redundant to N60
I: Removed bmsSUB inst N70 that is redundant to N69
I: Removed bmsSUB inst N61 that is redundant to N60
I: Removed bmsSUB inst N70 that is redundant to N69
I: Removed bmsSUB inst N61 that is redundant to N60
I: Removed bmsSUB inst N70 that is redundant to N69
I: Removed bmsSUB inst N61 that is redundant to N60
Executing : pre-mapping successfully.
Start mod-gen.
W: Public-4008: Instance 'u_line_fifo/u_ipm_distributed_fifo_fifo0/u_ipm_distributed_fifo_ctr/syn_almost_empty' of 'bmsWIDEDFFCPE' unit is dangling and will be cleaned.
W: Public-4008: Instance 'u_line_fifo/u_ipm_distributed_fifo_fifo0/u_ipm_distributed_fifo_ctr/wr_water_level[4:0]' of 'bmsWIDEDFFCPE' unit is dangling and will be cleaned.
W: Public-4008: Instance 'u_line_fifo/u_ipm_distributed_fifo_fifo0/u_ipm_distributed_fifo_ctr/syn_almost_full' of 'bmsWIDEDFFCPE' unit is dangling and will be cleaned.
W: Public-4008: Instance 'u_line_fifo/u_ipm_distributed_fifo_fifo0/u_ipm_distributed_fifo_ctr/rd_water_level[4:0]' of 'bmsWIDEDFFCPE' unit is dangling and will be cleaned.
W: Public-4008: Instance 'u_line_fifo/u_ipm_distributed_fifo_fifo0/u_ipm_distributed_fifo_ctr/syn_almost_empty' of 'bmsWIDEDFFCPE' unit is dangling and will be cleaned.
W: Public-4008: Instance 'u_line_fifo/u_ipm_distributed_fifo_fifo0/u_ipm_distributed_fifo_ctr/wr_water_level[4:0]' of 'bmsWIDEDFFCPE' unit is dangling and will be cleaned.
W: Public-4008: Instance 'u_line_fifo/u_ipm_distributed_fifo_fifo0/u_ipm_distributed_fifo_ctr/syn_almost_full' of 'bmsWIDEDFFCPE' unit is dangling and will be cleaned.
W: Public-4008: Instance 'u_line_fifo/u_ipm_distributed_fifo_fifo0/u_ipm_distributed_fifo_ctr/rd_water_level[4:0]' of 'bmsWIDEDFFCPE' unit is dangling and will be cleaned.
W: Public-4008: Instance 'u_line_fifo/u_ipm_distributed_fifo_fifo0/u_ipm_distributed_fifo_ctr/syn_almost_empty' of 'bmsWIDEDFFCPE' unit is dangling and will be cleaned.
W: Public-4008: Instance 'u_line_fifo/u_ipm_distributed_fifo_fifo0/u_ipm_distributed_fifo_ctr/wr_water_level[4:0]' of 'bmsWIDEDFFCPE' unit is dangling and will be cleaned.
W: Public-4008: Instance 'u_line_fifo/u_ipm_distributed_fifo_fifo0/u_ipm_distributed_fifo_ctr/syn_almost_full' of 'bmsWIDEDFFCPE' unit is dangling and will be cleaned.
W: Public-4008: Instance 'u_line_fifo/u_ipm_distributed_fifo_fifo0/u_ipm_distributed_fifo_ctr/rd_water_level[4:0]' of 'bmsWIDEDFFCPE' unit is dangling and will be cleaned.
W: Public-4008: Instance 'u_line_fifo/u_ipm_distributed_fifo_fifo0/u_ipm_distributed_fifo_ctr/syn_almost_empty' of 'bmsWIDEDFFCPE' unit is dangling and will be cleaned.
W: Public-4008: Instance 'u_line_fifo/u_ipm_distributed_fifo_fifo0/u_ipm_distributed_fifo_ctr/wr_water_level[4:0]' of 'bmsWIDEDFFCPE' unit is dangling and will be cleaned.
W: Public-4008: Instance 'u_line_fifo/u_ipm_distributed_fifo_fifo0/u_ipm_distributed_fifo_ctr/syn_almost_full' of 'bmsWIDEDFFCPE' unit is dangling and will be cleaned.
W: Public-4008: Instance 'u_line_fifo/u_ipm_distributed_fifo_fifo0/u_ipm_distributed_fifo_ctr/rd_water_level[4:0]' of 'bmsWIDEDFFCPE' unit is dangling and will be cleaned.
W: Public-4008: Instance 'u_line_fifo/u_ipm_distributed_fifo_fifo0/u_ipm_distributed_fifo_ctr/syn_almost_empty' of 'bmsWIDEDFFCPE' unit is dangling and will be cleaned.
W: Public-4008: Instance 'u_line_fifo/u_ipm_distributed_fifo_fifo0/u_ipm_distributed_fifo_ctr/wr_water_level[4:0]' of 'bmsWIDEDFFCPE' unit is dangling and will be cleaned.
W: Public-4008: Instance 'u_line_fifo/u_ipm_distributed_fifo_fifo0/u_ipm_distributed_fifo_ctr/syn_almost_full' of 'bmsWIDEDFFCPE' unit is dangling and will be cleaned.
W: Public-4008: Instance 'u_line_fifo/u_ipm_distributed_fifo_fifo0/u_ipm_distributed_fifo_ctr/rd_water_level[4:0]' of 'bmsWIDEDFFCPE' unit is dangling and will be cleaned.
W: Public-4008: Instance 'u_line_fifo/u_ipm_distributed_fifo_fifo0/u_ipm_distributed_fifo_ctr/syn_almost_empty' of 'bmsWIDEDFFCPE' unit is dangling and will be cleaned.
W: Public-4008: Instance 'u_line_fifo/u_ipm_distributed_fifo_fifo0/u_ipm_distributed_fifo_ctr/wr_water_level[4:0]' of 'bmsWIDEDFFCPE' unit is dangling and will be cleaned.
W: Public-4008: Instance 'u_line_fifo/u_ipm_distributed_fifo_fifo0/u_ipm_distributed_fifo_ctr/syn_almost_full' of 'bmsWIDEDFFCPE' unit is dangling and will be cleaned.
W: Public-4008: Instance 'u_line_fifo/u_ipm_distributed_fifo_fifo0/u_ipm_distributed_fifo_ctr/rd_water_level[4:0]' of 'bmsWIDEDFFCPE' unit is dangling and will be cleaned.
W: Public-4008: Instance 'u_line_fifo/u_ipm_distributed_fifo_fifo0/u_ipm_distributed_fifo_ctr/syn_almost_empty' of 'bmsWIDEDFFCPE' unit is dangling and will be cleaned.
W: Public-4008: Instance 'u_line_fifo/u_ipm_distributed_fifo_fifo0/u_ipm_distributed_fifo_ctr/wr_water_level[4:0]' of 'bmsWIDEDFFCPE' unit is dangling and will be cleaned.
W: Public-4008: Instance 'u_line_fifo/u_ipm_distributed_fifo_fifo0/u_ipm_distributed_fifo_ctr/syn_almost_full' of 'bmsWIDEDFFCPE' unit is dangling and will be cleaned.
W: Public-4008: Instance 'u_line_fifo/u_ipm_distributed_fifo_fifo0/u_ipm_distributed_fifo_ctr/rd_water_level[4:0]' of 'bmsWIDEDFFCPE' unit is dangling and will be cleaned.
W: Public-4008: Instance 'u_line_fifo/u_ipm_distributed_fifo_fifo0/u_ipm_distributed_fifo_ctr/syn_almost_empty' of 'bmsWIDEDFFCPE' unit is dangling and will be cleaned.
W: Public-4008: Instance 'u_line_fifo/u_ipm_distributed_fifo_fifo0/u_ipm_distributed_fifo_ctr/wr_water_level[4:0]' of 'bmsWIDEDFFCPE' unit is dangling and will be cleaned.
W: Public-4008: Instance 'u_line_fifo/u_ipm_distributed_fifo_fifo0/u_ipm_distributed_fifo_ctr/syn_almost_full' of 'bmsWIDEDFFCPE' unit is dangling and will be cleaned.
W: Public-4008: Instance 'u_line_fifo/u_ipm_distributed_fifo_fifo0/u_ipm_distributed_fifo_ctr/rd_water_level[4:0]' of 'bmsWIDEDFFCPE' unit is dangling and will be cleaned.
W: Public-4008: Instance 'u_line_fifo/u_ipm_distributed_fifo_fifo0/u_ipm_distributed_fifo_ctr/syn_almost_empty' of 'bmsWIDEDFFCPE' unit is dangling and will be cleaned.
W: Public-4008: Instance 'u_line_fifo/u_ipm_distributed_fifo_fifo0/u_ipm_distributed_fifo_ctr/wr_water_level[4:0]' of 'bmsWIDEDFFCPE' unit is dangling and will be cleaned.
W: Public-4008: Instance 'u_line_fifo/u_ipm_distributed_fifo_fifo0/u_ipm_distributed_fifo_ctr/syn_almost_full' of 'bmsWIDEDFFCPE' unit is dangling and will be cleaned.
W: Public-4008: Instance 'u_line_fifo/u_ipm_distributed_fifo_fifo0/u_ipm_distributed_fifo_ctr/rd_water_level[4:0]' of 'bmsWIDEDFFCPE' unit is dangling and will be cleaned.
E: Net mat_flag [C:/Users/FH/Desktop/conv3x3/source/Desktop/conv.v (line number:96)] has multiple drivers in module conv.
    module 'bmsREDAND' inst 'matrix_3x3_inst_b/N21' out pin 'Z'
    module 'bmsREDAND' inst 'matrix_3x3_inst_g/N21' out pin 'Z'
    module 'bmsREDAND' inst 'matrix_3x3_inst_r/N21' out pin 'Z'

Program Error Out.
