#Build: Fabric Compiler 2020.3-Lite, Build 71107, Mar 15 17:59 2021
#Install: C:\Users\FH\Documents\PDS_2020.3-Lite\bin
#Application name: pds.exe
#OS: Windows 10 10.0.22621
#Hostname: LAPTOP-NJ92LQ7L
Generated by Fabric Compiler (version 2020.3-Lite build 71107) at Sun Feb 26 11:51:44 2023
Compiling architecture definition.
File "C:/Users/FH/Desktop/matrix_3x3/source/Desktop/matrix_3x3.v" has been added to project successfully. 
File "C:/Users/FH/Desktop/matrix_3x3/source/Desktop/matrix_3x3_tb.v" has been added to project successfully. 
Compiling architecture definition.
W: Verilog-2007: [C:/Users/FH/Desktop/matrix_3x3/source/Desktop/matrix_3x3_tb.v(line number: 4)] Empty port in module declaration
Compiling architecture definition.
W: Verilog-2007: [C:/Users/FH/Desktop/matrix_3x3/source/Desktop/matrix_3x3_tb.v(line number: 4)] Empty port in module declaration
E: Verilog-4072: [C:/Users/FH/Desktop/matrix_3x3/source/Desktop/matrix_3x3.v(line number: 65)] line_buffer is referenced to undefined module
Compiling architecture definition.
Compiling architecture definition.
E: Verilog-4072: [C:/Users/FH/Desktop/matrix_3x3/source/Desktop/matrix_3x3.v(line number: 65)] line_buffer is referenced to undefined module
Compiling architecture definition.
Open IP Compiler ...
Compiling architecture definition.
E: Verilog-4072: [C:/Users/FH/Desktop/matrix_3x3/source/Desktop/matrix_3x3.v(line number: 65)] line_buffer is referenced to undefined module
Compiling architecture definition.
Customize IP 'C:/Users/FH/Desktop/matrix_3x3/ipcore/fifo_0/fifo_0.idf' ...
Process exit normally.
Customize IP 'C:/Users/FH/Desktop/matrix_3x3/ipcore/fifo_0/fifo_0.idf' ...
Process exit normally.
Customize IP 'C:/Users/FH/Desktop/matrix_3x3/ipcore/fifo_0/fifo_0.idf' ...
Process exit normally.
Process exit normally.
Customize IP 'C:/Users/FH/Desktop/matrix_3x3/ipcore/fifo_0/fifo_0.idf' ...
Process exit normally.
File "C:/Users/FH/Desktop/matrix_3x3/source/Desktop/line_buffer.v" has been added to project successfully. 
Compiling architecture definition.
E: Verilog-4072: [C:/Users/FH/Desktop/matrix_3x3/source/Desktop/line_buffer.v(line number: 65)] line_buffer is referenced to undefined module
Compiling architecture definition.
File "C:/Users/FH/Desktop/matrix_3x3/source/FH/Desktop/line_buffer.v" has been added to project successfully. 
Compiling architecture definition.
E: Verilog-4072: [C:/Users/FH/Desktop/matrix_3x3/source/Desktop/matrix_3x3.v(line number: 65)] line_buffer is referenced to undefined module
Compiling architecture definition.
Compiling architecture definition.
E: Verilog-4072: [C:/Users/FH/Desktop/matrix_3x3/source/Desktop/matrix_3x3.v(line number: 65)] line_buffer is referenced to undefined module
Compiling architecture definition.
