#Build: Fabric Compiler 2020.3-Lite, Build 71107, Mar 15 17:59 2021
#Install: C:\Users\FH\Documents\PDS_2020.3-Lite\bin
#Application name: pds.exe
#OS: Windows 10 10.0.22621
#Hostname: LAPTOP-NJ92LQ7L
Generated by Fabric Compiler (version 2020.3-Lite build 71107) at Sun Feb 26 22:50:19 2023
Compiling architecture definition.
File "C:/Users/FH/Desktop/conv3x3/source/Desktop/conv.v" has been added to project successfully. 
File "C:/Users/FH/Desktop/conv3x3/source/Desktop/matrix_3x3.v" has been added to project successfully. 
Compiling architecture definition.
E: Verilog-4005: [C:/Users/FH/Desktop/conv3x3/source/Desktop/conv.v(line number: 122)] Syntax error near <=
E: Verilog-4039: [C:/Users/FH/Desktop/conv3x3/source/Desktop/conv.v(line number: 116)] Identifier line0_data3 is not declared
E: Verilog-4039: [C:/Users/FH/Desktop/conv3x3/source/Desktop/conv.v(line number: 117)] Identifier line1_data3 is not declared
E: Verilog-4039: [C:/Users/FH/Desktop/conv3x3/source/Desktop/conv.v(line number: 118)] Identifier line2_data3 is not declared
E: Parsing ERROR.
Compiling architecture definition.
E: Verilog-4005: [C:/Users/FH/Desktop/conv3x3/source/Desktop/conv.v(line number: 122)] Syntax error near <=
E: Verilog-4039: [C:/Users/FH/Desktop/conv3x3/source/Desktop/conv.v(line number: 116)] Identifier line0_data3 is not declared
E: Verilog-4039: [C:/Users/FH/Desktop/conv3x3/source/Desktop/conv.v(line number: 117)] Identifier line1_data3 is not declared
E: Verilog-4039: [C:/Users/FH/Desktop/conv3x3/source/Desktop/conv.v(line number: 118)] Identifier line2_data3 is not declared
E: Parsing ERROR.
Open IP Compiler ...
Compiling architecture definition.
E: Verilog-4005: [C:/Users/FH/Desktop/conv3x3/source/Desktop/conv.v(line number: 122)] Syntax error near <=
E: Verilog-4039: [C:/Users/FH/Desktop/conv3x3/source/Desktop/conv.v(line number: 116)] Identifier line0_data3 is not declared
E: Verilog-4039: [C:/Users/FH/Desktop/conv3x3/source/Desktop/conv.v(line number: 117)] Identifier line1_data3 is not declared
E: Verilog-4039: [C:/Users/FH/Desktop/conv3x3/source/Desktop/conv.v(line number: 118)] Identifier line2_data3 is not declared
E: Parsing ERROR.
Process exit normally.
Customize IP 'C:/Users/FH/Desktop/conv3x3/ipcore/fifo0/fifo0.idf' ...
Process exit normally.
File "C:/Users/FH/Desktop/conv3x3/source/Desktop/line_buffer.v" has been added to project successfully. 
Compiling architecture definition.
E: Verilog-4005: [C:/Users/FH/Desktop/conv3x3/source/Desktop/conv.v(line number: 122)] Syntax error near <=
E: Verilog-4039: [C:/Users/FH/Desktop/conv3x3/source/Desktop/conv.v(line number: 116)] Identifier line0_data3 is not declared
E: Verilog-4039: [C:/Users/FH/Desktop/conv3x3/source/Desktop/conv.v(line number: 117)] Identifier line1_data3 is not declared
E: Verilog-4039: [C:/Users/FH/Desktop/conv3x3/source/Desktop/conv.v(line number: 118)] Identifier line2_data3 is not declared
E: Parsing ERROR.
Customize IP 'C:/Users/FH/Desktop/conv3x3/ipcore/fifo0/fifo0.idf' ...
Process exit normally.
I: Flow-6004: Design file modified: "C:/Users/FH/Desktop/conv3x3/source/Desktop/conv.v". 
Compiling architecture definition.
E: Verilog-4005: [C:/Users/FH/Desktop/conv3x3/source/Desktop/conv.v(line number: 122)] Syntax error near <=
E: Parsing ERROR.
I: Flow-6004: Design file modified: "C:/Users/FH/Desktop/conv3x3/source/Desktop/conv.v". 
Compiling architecture definition.
E: Verilog-4094: [C:/Users/FH/Desktop/conv3x3/source/Desktop/conv.v(line number: 122)] Continuous assignment target data_out must be net type
E: Parsing ERROR.
I: Flow-6004: Design file modified: "C:/Users/FH/Desktop/conv3x3/source/Desktop/conv.v". 
Compiling architecture definition.
E: Verilog-4072: [C:/Users/FH/Desktop/conv3x3/source/Desktop/line_buffer.v(line number: 40)] line_fifo is referenced to undefined module
Compiling architecture definition.


Process "Compile" started.
Current time: Sun Feb 26 22:56:19 2023
Compiling architecture definition.
Analyzing project file 'C:/Users/FH/Desktop/conv3x3/conv3x3.pds'.
Compiling verification operator library.
Loading technology operator library.
Compiling technology operator library.
Compiling technology operator (valence) library.
I: Enable Verilog2k features and keywords
Executing : .rtl_analyze -include_path {C:/Users/FH/Desktop/conv3x3} C:/Users/FH/Desktop/conv3x3/source/Desktop/conv.v
I: Verilog-0001: Analyzing file C:/Users/FH/Desktop/conv3x3/source/Desktop/conv.v
I: Verilog-0002: [C:/Users/FH/Desktop/conv3x3/source/Desktop/conv.v(line number: 1)] Analyzing module conv (library work)
Parsing done.
Executing : .rtl_analyze -include_path {C:/Users/FH/Desktop/conv3x3} C:/Users/FH/Desktop/conv3x3/source/Desktop/conv.v successfully.
Executing : .rtl_analyze -include_path {C:/Users/FH/Desktop/conv3x3} C:/Users/FH/Desktop/conv3x3/source/Desktop/matrix_3x3.v
I: Verilog-0001: Analyzing file C:/Users/FH/Desktop/conv3x3/source/Desktop/matrix_3x3.v
I: Verilog-0002: [C:/Users/FH/Desktop/conv3x3/source/Desktop/matrix_3x3.v(line number: 3)] Analyzing module matrix_3x3 (library work)
Parsing done.
Executing : .rtl_analyze -include_path {C:/Users/FH/Desktop/conv3x3} C:/Users/FH/Desktop/conv3x3/source/Desktop/matrix_3x3.v successfully.
Executing : .rtl_analyze -include_path {C:/Users/FH/Desktop/conv3x3} C:/Users/FH/Desktop/conv3x3/source/Desktop/line_buffer.v
I: Verilog-0001: Analyzing file C:/Users/FH/Desktop/conv3x3/source/Desktop/line_buffer.v
I: Verilog-0002: [C:/Users/FH/Desktop/conv3x3/source/Desktop/line_buffer.v(line number: 3)] Analyzing module line_buffer (library work)
Parsing done.
Executing : .rtl_analyze -include_path {C:/Users/FH/Desktop/conv3x3} C:/Users/FH/Desktop/conv3x3/source/Desktop/line_buffer.v successfully.
Executing : .rtl_analyze -include_path {C:/Users/FH/Desktop/conv3x3} C:/Users/FH/Desktop/conv3x3/ipcore/fifo0/fifo0.v
I: Verilog-0001: Analyzing file C:/Users/FH/Desktop/conv3x3/ipcore/fifo0/fifo0.v
I: Verilog-0002: [C:/Users/FH/Desktop/conv3x3/ipcore/fifo0/fifo0.v(line number: 20)] Analyzing module fifo0 (library work)
Parsing done.
Executing : .rtl_analyze -include_path {C:/Users/FH/Desktop/conv3x3} C:/Users/FH/Desktop/conv3x3/ipcore/fifo0/fifo0.v successfully.
Executing : .rtl_analyze -include_path {C:/Users/FH/Desktop/conv3x3} C:/Users/FH/Desktop/conv3x3/ipcore/fifo0/rtl/ipm_distributed_sdpram_v1_2_fifo0.v
I: Verilog-0001: Analyzing file C:/Users/FH/Desktop/conv3x3/ipcore/fifo0/rtl/ipm_distributed_sdpram_v1_2_fifo0.v
I: Verilog-0002: [C:/Users/FH/Desktop/conv3x3/ipcore/fifo0/rtl/ipm_distributed_sdpram_v1_2_fifo0.v(line number: 22)] Analyzing module ipm_distributed_sdpram_v1_2_fifo0 (library work)
W: Verilog-2010: [C:/Users/FH/Desktop/conv3x3/ipcore/fifo0/rtl/ipm_distributed_sdpram_v1_2_fifo0.v(line number: 59)] Ignoring initial statements expect force and memory $readmemh/$readmemb initialization statements
W: Verilog-2010: [C:/Users/FH/Desktop/conv3x3/ipcore/fifo0/rtl/ipm_distributed_sdpram_v1_2_fifo0.v(line number: 64)] Ignoring initial statements expect force and memory $readmemh/$readmemb initialization statements
W: Verilog-2010: [C:/Users/FH/Desktop/conv3x3/ipcore/fifo0/rtl/ipm_distributed_sdpram_v1_2_fifo0.v(line number: 70)] Ignoring initial statements expect force and memory $readmemh/$readmemb initialization statements
Parsing done.
Executing : .rtl_analyze -include_path {C:/Users/FH/Desktop/conv3x3} C:/Users/FH/Desktop/conv3x3/ipcore/fifo0/rtl/ipm_distributed_sdpram_v1_2_fifo0.v successfully.
Executing : .rtl_analyze -include_path {C:/Users/FH/Desktop/conv3x3} C:/Users/FH/Desktop/conv3x3/ipcore/fifo0/rtl/ipm_distributed_fifo_v1_2_fifo0.v
I: Verilog-0001: Analyzing file C:/Users/FH/Desktop/conv3x3/ipcore/fifo0/rtl/ipm_distributed_fifo_v1_2_fifo0.v
I: Verilog-0002: [C:/Users/FH/Desktop/conv3x3/ipcore/fifo0/rtl/ipm_distributed_fifo_v1_2_fifo0.v(line number: 21)] Analyzing module ipm_distributed_fifo_v1_2_fifo0 (library work)
Parsing done.
Executing : .rtl_analyze -include_path {C:/Users/FH/Desktop/conv3x3} C:/Users/FH/Desktop/conv3x3/ipcore/fifo0/rtl/ipm_distributed_fifo_v1_2_fifo0.v successfully.
Executing : .rtl_analyze -include_path {C:/Users/FH/Desktop/conv3x3} C:/Users/FH/Desktop/conv3x3/ipcore/fifo0/rtl/ipm_distributed_fifo_ctr_v1_0.v
I: Verilog-0001: Analyzing file C:/Users/FH/Desktop/conv3x3/ipcore/fifo0/rtl/ipm_distributed_fifo_ctr_v1_0.v
I: Verilog-0002: [C:/Users/FH/Desktop/conv3x3/ipcore/fifo0/rtl/ipm_distributed_fifo_ctr_v1_0.v(line number: 18)] Analyzing module ipm_distributed_fifo_ctr_v1_0 (library work)
Parsing done.
Executing : .rtl_analyze -include_path {C:/Users/FH/Desktop/conv3x3} C:/Users/FH/Desktop/conv3x3/ipcore/fifo0/rtl/ipm_distributed_fifo_ctr_v1_0.v successfully.
 0.010586s wall, 0.000000s user + 0.000000s system = 0.000000s CPU (n/a%)
Start rtl-elaborate.
I: Module "conv" is set as top module.
I: Verilog-0003: [C:/Users/FH/Desktop/conv3x3/source/Desktop/conv.v(line number: 1)] Elaborating module conv
I: Verilog-0003: [C:/Users/FH/Desktop/conv3x3/source/Desktop/matrix_3x3.v(line number: 3)] Elaborating module matrix_3x3
I: Verilog-0003: [C:/Users/FH/Desktop/conv3x3/source/Desktop/line_buffer.v(line number: 3)] Elaborating module line_buffer
E: Verilog-4072: [C:/Users/FH/Desktop/conv3x3/source/Desktop/line_buffer.v(line number: 40)] line_fifo is referenced to undefined module
Program Error Out.
I: Flow-6004: Design file modified: "C:/Users/FH/Desktop/conv3x3/source/Desktop/line_buffer.v". 
Compiling architecture definition.
E: Verilog-4119: [C:/Users/FH/Desktop/conv3x3/source/Desktop/line_buffer.v(line number: 40)] Referenced port name 'din' was not defined in module 'fifo0'
Compiling architecture definition.


Process "Compile" started.
Current time: Sun Feb 26 22:57:09 2023
Compiling architecture definition.
Analyzing project file 'C:/Users/FH/Desktop/conv3x3/conv3x3.pds'.
Compiling verification operator library.
Loading technology operator library.
Compiling technology operator library.
Compiling technology operator (valence) library.
I: Enable Verilog2k features and keywords
Executing : .rtl_analyze -include_path {C:/Users/FH/Desktop/conv3x3} C:/Users/FH/Desktop/conv3x3/source/Desktop/conv.v
I: Verilog-0001: Analyzing file C:/Users/FH/Desktop/conv3x3/source/Desktop/conv.v
I: Verilog-0002: [C:/Users/FH/Desktop/conv3x3/source/Desktop/conv.v(line number: 1)] Analyzing module conv (library work)
Parsing done.
Executing : .rtl_analyze -include_path {C:/Users/FH/Desktop/conv3x3} C:/Users/FH/Desktop/conv3x3/source/Desktop/conv.v successfully.
Executing : .rtl_analyze -include_path {C:/Users/FH/Desktop/conv3x3} C:/Users/FH/Desktop/conv3x3/source/Desktop/matrix_3x3.v
I: Verilog-0001: Analyzing file C:/Users/FH/Desktop/conv3x3/source/Desktop/matrix_3x3.v
I: Verilog-0002: [C:/Users/FH/Desktop/conv3x3/source/Desktop/matrix_3x3.v(line number: 3)] Analyzing module matrix_3x3 (library work)
Parsing done.
Executing : .rtl_analyze -include_path {C:/Users/FH/Desktop/conv3x3} C:/Users/FH/Desktop/conv3x3/source/Desktop/matrix_3x3.v successfully.
Executing : .rtl_analyze -include_path {C:/Users/FH/Desktop/conv3x3} C:/Users/FH/Desktop/conv3x3/source/Desktop/line_buffer.v
I: Verilog-0001: Analyzing file C:/Users/FH/Desktop/conv3x3/source/Desktop/line_buffer.v
I: Verilog-0002: [C:/Users/FH/Desktop/conv3x3/source/Desktop/line_buffer.v(line number: 3)] Analyzing module line_buffer (library work)
Parsing done.
Executing : .rtl_analyze -include_path {C:/Users/FH/Desktop/conv3x3} C:/Users/FH/Desktop/conv3x3/source/Desktop/line_buffer.v successfully.
Executing : .rtl_analyze -include_path {C:/Users/FH/Desktop/conv3x3} C:/Users/FH/Desktop/conv3x3/ipcore/fifo0/fifo0.v
I: Verilog-0001: Analyzing file C:/Users/FH/Desktop/conv3x3/ipcore/fifo0/fifo0.v
I: Verilog-0002: [C:/Users/FH/Desktop/conv3x3/ipcore/fifo0/fifo0.v(line number: 20)] Analyzing module fifo0 (library work)
Parsing done.
Executing : .rtl_analyze -include_path {C:/Users/FH/Desktop/conv3x3} C:/Users/FH/Desktop/conv3x3/ipcore/fifo0/fifo0.v successfully.
Executing : .rtl_analyze -include_path {C:/Users/FH/Desktop/conv3x3} C:/Users/FH/Desktop/conv3x3/ipcore/fifo0/rtl/ipm_distributed_sdpram_v1_2_fifo0.v
I: Verilog-0001: Analyzing file C:/Users/FH/Desktop/conv3x3/ipcore/fifo0/rtl/ipm_distributed_sdpram_v1_2_fifo0.v
I: Verilog-0002: [C:/Users/FH/Desktop/conv3x3/ipcore/fifo0/rtl/ipm_distributed_sdpram_v1_2_fifo0.v(line number: 22)] Analyzing module ipm_distributed_sdpram_v1_2_fifo0 (library work)
W: Verilog-2010: [C:/Users/FH/Desktop/conv3x3/ipcore/fifo0/rtl/ipm_distributed_sdpram_v1_2_fifo0.v(line number: 59)] Ignoring initial statements expect force and memory $readmemh/$readmemb initialization statements
W: Verilog-2010: [C:/Users/FH/Desktop/conv3x3/ipcore/fifo0/rtl/ipm_distributed_sdpram_v1_2_fifo0.v(line number: 64)] Ignoring initial statements expect force and memory $readmemh/$readmemb initialization statements
W: Verilog-2010: [C:/Users/FH/Desktop/conv3x3/ipcore/fifo0/rtl/ipm_distributed_sdpram_v1_2_fifo0.v(line number: 70)] Ignoring initial statements expect force and memory $readmemh/$readmemb initialization statements
Parsing done.
Executing : .rtl_analyze -include_path {C:/Users/FH/Desktop/conv3x3} C:/Users/FH/Desktop/conv3x3/ipcore/fifo0/rtl/ipm_distributed_sdpram_v1_2_fifo0.v successfully.
Executing : .rtl_analyze -include_path {C:/Users/FH/Desktop/conv3x3} C:/Users/FH/Desktop/conv3x3/ipcore/fifo0/rtl/ipm_distributed_fifo_v1_2_fifo0.v
I: Verilog-0001: Analyzing file C:/Users/FH/Desktop/conv3x3/ipcore/fifo0/rtl/ipm_distributed_fifo_v1_2_fifo0.v
I: Verilog-0002: [C:/Users/FH/Desktop/conv3x3/ipcore/fifo0/rtl/ipm_distributed_fifo_v1_2_fifo0.v(line number: 21)] Analyzing module ipm_distributed_fifo_v1_2_fifo0 (library work)
Parsing done.
Executing : .rtl_analyze -include_path {C:/Users/FH/Desktop/conv3x3} C:/Users/FH/Desktop/conv3x3/ipcore/fifo0/rtl/ipm_distributed_fifo_v1_2_fifo0.v successfully.
Executing : .rtl_analyze -include_path {C:/Users/FH/Desktop/conv3x3} C:/Users/FH/Desktop/conv3x3/ipcore/fifo0/rtl/ipm_distributed_fifo_ctr_v1_0.v
I: Verilog-0001: Analyzing file C:/Users/FH/Desktop/conv3x3/ipcore/fifo0/rtl/ipm_distributed_fifo_ctr_v1_0.v
I: Verilog-0002: [C:/Users/FH/Desktop/conv3x3/ipcore/fifo0/rtl/ipm_distributed_fifo_ctr_v1_0.v(line number: 18)] Analyzing module ipm_distributed_fifo_ctr_v1_0 (library work)
Parsing done.
Executing : .rtl_analyze -include_path {C:/Users/FH/Desktop/conv3x3} C:/Users/FH/Desktop/conv3x3/ipcore/fifo0/rtl/ipm_distributed_fifo_ctr_v1_0.v successfully.
 0.010179s wall, 0.000000s user + 0.000000s system = 0.000000s CPU (n/a%)
Start rtl-elaborate.
I: Module "conv" is set as top module.
I: Verilog-0003: [C:/Users/FH/Desktop/conv3x3/source/Desktop/conv.v(line number: 1)] Elaborating module conv
I: Verilog-0003: [C:/Users/FH/Desktop/conv3x3/source/Desktop/matrix_3x3.v(line number: 3)] Elaborating module matrix_3x3
I: Verilog-0003: [C:/Users/FH/Desktop/conv3x3/source/Desktop/line_buffer.v(line number: 3)] Elaborating module line_buffer
I: Verilog-0003: [C:/Users/FH/Desktop/conv3x3/ipcore/fifo0/fifo0.v(line number: 20)] Elaborating module fifo0
I: Verilog-0003: [C:/Users/FH/Desktop/conv3x3/ipcore/fifo0/rtl/ipm_distributed_fifo_v1_2_fifo0.v(line number: 21)] Elaborating module ipm_distributed_fifo_v1_2_fifo0
I: Verilog-0003: [C:/Users/FH/Desktop/conv3x3/ipcore/fifo0/rtl/ipm_distributed_sdpram_v1_2_fifo0.v(line number: 22)] Elaborating module ipm_distributed_sdpram_v1_2_fifo0
W: Verilog-2021: [C:/Users/FH/Desktop/conv3x3/ipcore/fifo0/rtl/ipm_distributed_sdpram_v1_2_fifo0.v(line number: 56)] Net i in module ipm_distributed_sdpram_v1_2_fifo0 does not have a driver, tie it to 0
W: Verilog-2021: [C:/Users/FH/Desktop/conv3x3/ipcore/fifo0/rtl/ipm_distributed_sdpram_v1_2_fifo0.v(line number: 56)] Net j in module ipm_distributed_sdpram_v1_2_fifo0 does not have a driver, tie it to 0
I: Verilog-0003: [C:/Users/FH/Desktop/conv3x3/ipcore/fifo0/rtl/ipm_distributed_fifo_ctr_v1_0.v(line number: 18)] Elaborating module ipm_distributed_fifo_ctr_v1_0
W: Verilog-2021: [C:/Users/FH/Desktop/conv3x3/ipcore/fifo0/rtl/ipm_distributed_fifo_ctr_v1_0.v(line number: 46)] Net wrptr1 in module ipm_distributed_fifo_ctr_v1_0 does not have a driver, tie it to 0
W: Verilog-2021: [C:/Users/FH/Desktop/conv3x3/ipcore/fifo0/rtl/ipm_distributed_fifo_ctr_v1_0.v(line number: 48)] Net wbin in module ipm_distributed_fifo_ctr_v1_0 does not have a driver, tie it to 0
W: Verilog-2021: [C:/Users/FH/Desktop/conv3x3/ipcore/fifo0/rtl/ipm_distributed_fifo_ctr_v1_0.v(line number: 57)] Net rwptr1 in module ipm_distributed_fifo_ctr_v1_0 does not have a driver, tie it to 0
W: Verilog-2021: [C:/Users/FH/Desktop/conv3x3/ipcore/fifo0/rtl/ipm_distributed_fifo_ctr_v1_0.v(line number: 59)] Net rbin in module ipm_distributed_fifo_ctr_v1_0 does not have a driver, tie it to 0
W: Verilog-2021: [C:/Users/FH/Desktop/conv3x3/ipcore/fifo0/rtl/ipm_distributed_fifo_ctr_v1_0.v(line number: 67)] Net asyn_wfull in module ipm_distributed_fifo_ctr_v1_0 does not have a driver, tie it to 0
W: Verilog-2021: [C:/Users/FH/Desktop/conv3x3/ipcore/fifo0/rtl/ipm_distributed_fifo_ctr_v1_0.v(line number: 68)] Net asyn_almost_full in module ipm_distributed_fifo_ctr_v1_0 does not have a driver, tie it to 0
W: Verilog-2021: [C:/Users/FH/Desktop/conv3x3/ipcore/fifo0/rtl/ipm_distributed_fifo_ctr_v1_0.v(line number: 69)] Net asyn_rempty in module ipm_distributed_fifo_ctr_v1_0 does not have a driver, tie it to 0
W: Verilog-2021: [C:/Users/FH/Desktop/conv3x3/ipcore/fifo0/rtl/ipm_distributed_fifo_ctr_v1_0.v(line number: 70)] Net asyn_almost_empty in module ipm_distributed_fifo_ctr_v1_0 does not have a driver, tie it to 0
W: Verilog-2021: [C:/Users/FH/Desktop/conv3x3/ipcore/fifo0/rtl/ipm_distributed_fifo_ctr_v1_0.v(line number: 81)] Net ASYN_CTRL.i in module ipm_distributed_fifo_ctr_v1_0 does not have a driver, tie it to 0
W: Verilog-2021: [C:/Users/FH/Desktop/conv3x3/ipcore/fifo0/rtl/ipm_distributed_fifo_ctr_v1_0.v(line number: 131)] Net ASYN_CTRL.j in module ipm_distributed_fifo_ctr_v1_0 does not have a driver, tie it to 0
E: Verilog-4119: [C:/Users/FH/Desktop/conv3x3/source/Desktop/line_buffer.v(line number: 40)] Referenced port name 'din' was not defined in module 'fifo0'
Program Error Out.
Customize IP 'C:/Users/FH/Desktop/conv3x3/ipcore/fifo0/fifo0.idf' ...
Process exit normally.
File "C:/Users/FH/Desktop/conv3x3/source/source/Desktop/line_buffer.v" has been added to project successfully. 
File "C:/Users/FH/Desktop/conv3x3/source/Desktop/matrix_3x3_tb.v" has been added to project successfully. 
Compiling architecture definition.
W: Verilog-2007: [C:/Users/FH/Desktop/conv3x3/source/Desktop/matrix_3x3_tb.v(line number: 4)] Empty port in module declaration
Compiling architecture definition.
W: Verilog-2007: [C:/Users/FH/Desktop/conv3x3/source/Desktop/matrix_3x3_tb.v(line number: 4)] Empty port in module declaration
E: Verilog-4119: [C:/Users/FH/Desktop/conv3x3/source/Desktop/line_buffer.v(line number: 40)] Referenced port name 'din' was not defined in module 'fifo0'
Compiling architecture definition.
File "C:/Users/FH/Desktop/conv3x3/source/matrix_3x3/source/Desktop/line_buffer.v" has been added to project successfully. 
File "C:/Users/FH/Desktop/conv3x3/source/source/Desktop/matrix_3x3_tb.v" has been added to project successfully. 
Compiling architecture definition.
W: Verilog-2007: [C:/Users/FH/Desktop/conv3x3/source/source/Desktop/matrix_3x3_tb.v(line number: 4)] Empty port in module declaration
Compiling architecture definition.
W: Verilog-2007: [C:/Users/FH/Desktop/conv3x3/source/Desktop/matrix_3x3_tb.v(line number: 4)] Empty port in module declaration
W: Verilog-2007: [C:/Users/FH/Desktop/conv3x3/source/source/Desktop/matrix_3x3_tb.v(line number: 4)] Empty port in module declaration
E: Verilog-4119: [C:/Users/FH/Desktop/conv3x3/source/Desktop/line_buffer.v(line number: 40)] Referenced port name 'din' was not defined in module 'fifo0'
Compiling architecture definition.
I: Flow-6004: Design file modified: "C:/Users/FH/Desktop/conv3x3/source/Desktop/line_buffer.v". 
Compiling architecture definition.
W: Verilog-2007: [C:/Users/FH/Desktop/conv3x3/source/Desktop/matrix_3x3_tb.v(line number: 4)] Empty port in module declaration
W: Verilog-2007: [C:/Users/FH/Desktop/conv3x3/source/source/Desktop/matrix_3x3_tb.v(line number: 4)] Empty port in module declaration
E: Verilog-4072: [C:/Users/FH/Desktop/conv3x3/source/Desktop/line_buffer.v(line number: 57)] fifo_0 is referenced to undefined module
Compiling architecture definition.
I: Flow-6004: Design file modified: "C:/Users/FH/Desktop/conv3x3/source/Desktop/line_buffer.v". 
Compiling architecture definition.
W: Verilog-2007: [C:/Users/FH/Desktop/conv3x3/source/Desktop/matrix_3x3_tb.v(line number: 4)] Empty port in module declaration
W: Verilog-2007: [C:/Users/FH/Desktop/conv3x3/source/source/Desktop/matrix_3x3_tb.v(line number: 4)] Empty port in module declaration


Process "Compile" started.
Current time: Sun Feb 26 23:04:12 2023
Compiling architecture definition.
Analyzing project file 'C:/Users/FH/Desktop/conv3x3/conv3x3.pds'.
Compiling verification operator library.
Loading technology operator library.
Compiling technology operator library.
Compiling technology operator (valence) library.
I: Enable Verilog2k features and keywords
Executing : .rtl_analyze -include_path {C:/Users/FH/Desktop/conv3x3} C:/Users/FH/Desktop/conv3x3/source/Desktop/conv.v
I: Verilog-0001: Analyzing file C:/Users/FH/Desktop/conv3x3/source/Desktop/conv.v
I: Verilog-0002: [C:/Users/FH/Desktop/conv3x3/source/Desktop/conv.v(line number: 1)] Analyzing module conv (library work)
Parsing done.
Executing : .rtl_analyze -include_path {C:/Users/FH/Desktop/conv3x3} C:/Users/FH/Desktop/conv3x3/source/Desktop/conv.v successfully.
Executing : .rtl_analyze -include_path {C:/Users/FH/Desktop/conv3x3} C:/Users/FH/Desktop/conv3x3/source/Desktop/line_buffer.v
I: Verilog-0001: Analyzing file C:/Users/FH/Desktop/conv3x3/source/Desktop/line_buffer.v
I: Verilog-0002: [C:/Users/FH/Desktop/conv3x3/source/Desktop/line_buffer.v(line number: 3)] Analyzing module line_buffer (library work)
Parsing done.
Executing : .rtl_analyze -include_path {C:/Users/FH/Desktop/conv3x3} C:/Users/FH/Desktop/conv3x3/source/Desktop/line_buffer.v successfully.
Executing : .rtl_analyze -include_path {C:/Users/FH/Desktop/conv3x3} C:/Users/FH/Desktop/conv3x3/source/Desktop/matrix_3x3_tb.v
I: Verilog-0001: Analyzing file C:/Users/FH/Desktop/conv3x3/source/Desktop/matrix_3x3_tb.v
I: Verilog-0002: [C:/Users/FH/Desktop/conv3x3/source/Desktop/matrix_3x3_tb.v(line number: 4)] Analyzing module matrix_3x3_tb (library work)
W: Verilog-2008: [C:/Users/FH/Desktop/conv3x3/source/Desktop/matrix_3x3_tb.v(line number: 38)] System task enable $stop ignored for synthesis
W: Verilog-2010: [C:/Users/FH/Desktop/conv3x3/source/Desktop/matrix_3x3_tb.v(line number: 27)] Ignoring initial statements expect force and memory $readmemh/$readmemb initialization statements
W: Verilog-2011: [C:/Users/FH/Desktop/conv3x3/source/Desktop/matrix_3x3_tb.v(line number: 41)] Always block should contain at least one event control,or event '@(*)' will be added by default.
Parsing done.
Executing : .rtl_analyze -include_path {C:/Users/FH/Desktop/conv3x3} C:/Users/FH/Desktop/conv3x3/source/Desktop/matrix_3x3_tb.v successfully.
Executing : .rtl_analyze -include_path {C:/Users/FH/Desktop/conv3x3} C:/Users/FH/Desktop/conv3x3/source/matrix_3x3/source/Desktop/line_buffer.v
I: Verilog-0001: Analyzing file C:/Users/FH/Desktop/conv3x3/source/matrix_3x3/source/Desktop/line_buffer.v
I: Verilog-0002: [C:/Users/FH/Desktop/conv3x3/source/matrix_3x3/source/Desktop/line_buffer.v(line number: 3)] Analyzing module matrix_3x3 (library work)
Parsing done.
Executing : .rtl_analyze -include_path {C:/Users/FH/Desktop/conv3x3} C:/Users/FH/Desktop/conv3x3/source/matrix_3x3/source/Desktop/line_buffer.v successfully.
Executing : .rtl_analyze -include_path {C:/Users/FH/Desktop/conv3x3} C:/Users/FH/Desktop/conv3x3/source/source/Desktop/matrix_3x3_tb.v
I: Verilog-0001: Analyzing file C:/Users/FH/Desktop/conv3x3/source/source/Desktop/matrix_3x3_tb.v
I: Verilog-0002: [C:/Users/FH/Desktop/conv3x3/source/source/Desktop/matrix_3x3_tb.v(line number: 4)] Analyzing module matrix_3x3_tb (library work)
W: Verilog-2008: [C:/Users/FH/Desktop/conv3x3/source/source/Desktop/matrix_3x3_tb.v(line number: 38)] System task enable $stop ignored for synthesis
W: Verilog-2010: [C:/Users/FH/Desktop/conv3x3/source/source/Desktop/matrix_3x3_tb.v(line number: 27)] Ignoring initial statements expect force and memory $readmemh/$readmemb initialization statements
W: Verilog-2011: [C:/Users/FH/Desktop/conv3x3/source/source/Desktop/matrix_3x3_tb.v(line number: 41)] Always block should contain at least one event control,or event '@(*)' will be added by default.
W: Overwriting previous defined module matrix_3x3_tb
Parsing done.
Executing : .rtl_analyze -include_path {C:/Users/FH/Desktop/conv3x3} C:/Users/FH/Desktop/conv3x3/source/source/Desktop/matrix_3x3_tb.v successfully.
Executing : .rtl_analyze -include_path {C:/Users/FH/Desktop/conv3x3} C:/Users/FH/Desktop/conv3x3/ipcore/fifo0/fifo0.v
I: Verilog-0001: Analyzing file C:/Users/FH/Desktop/conv3x3/ipcore/fifo0/fifo0.v
I: Verilog-0002: [C:/Users/FH/Desktop/conv3x3/ipcore/fifo0/fifo0.v(line number: 20)] Analyzing module fifo0 (library work)
Parsing done.
Executing : .rtl_analyze -include_path {C:/Users/FH/Desktop/conv3x3} C:/Users/FH/Desktop/conv3x3/ipcore/fifo0/fifo0.v successfully.
Executing : .rtl_analyze -include_path {C:/Users/FH/Desktop/conv3x3} C:/Users/FH/Desktop/conv3x3/ipcore/fifo0/rtl/ipm_distributed_sdpram_v1_2_fifo0.v
I: Verilog-0001: Analyzing file C:/Users/FH/Desktop/conv3x3/ipcore/fifo0/rtl/ipm_distributed_sdpram_v1_2_fifo0.v
I: Verilog-0002: [C:/Users/FH/Desktop/conv3x3/ipcore/fifo0/rtl/ipm_distributed_sdpram_v1_2_fifo0.v(line number: 22)] Analyzing module ipm_distributed_sdpram_v1_2_fifo0 (library work)
W: Verilog-2010: [C:/Users/FH/Desktop/conv3x3/ipcore/fifo0/rtl/ipm_distributed_sdpram_v1_2_fifo0.v(line number: 59)] Ignoring initial statements expect force and memory $readmemh/$readmemb initialization statements
W: Verilog-2010: [C:/Users/FH/Desktop/conv3x3/ipcore/fifo0/rtl/ipm_distributed_sdpram_v1_2_fifo0.v(line number: 64)] Ignoring initial statements expect force and memory $readmemh/$readmemb initialization statements
W: Verilog-2010: [C:/Users/FH/Desktop/conv3x3/ipcore/fifo0/rtl/ipm_distributed_sdpram_v1_2_fifo0.v(line number: 70)] Ignoring initial statements expect force and memory $readmemh/$readmemb initialization statements
Parsing done.
Executing : .rtl_analyze -include_path {C:/Users/FH/Desktop/conv3x3} C:/Users/FH/Desktop/conv3x3/ipcore/fifo0/rtl/ipm_distributed_sdpram_v1_2_fifo0.v successfully.
Executing : .rtl_analyze -include_path {C:/Users/FH/Desktop/conv3x3} C:/Users/FH/Desktop/conv3x3/ipcore/fifo0/rtl/ipm_distributed_fifo_v1_2_fifo0.v
I: Verilog-0001: Analyzing file C:/Users/FH/Desktop/conv3x3/ipcore/fifo0/rtl/ipm_distributed_fifo_v1_2_fifo0.v
I: Verilog-0002: [C:/Users/FH/Desktop/conv3x3/ipcore/fifo0/rtl/ipm_distributed_fifo_v1_2_fifo0.v(line number: 21)] Analyzing module ipm_distributed_fifo_v1_2_fifo0 (library work)
Parsing done.
Executing : .rtl_analyze -include_path {C:/Users/FH/Desktop/conv3x3} C:/Users/FH/Desktop/conv3x3/ipcore/fifo0/rtl/ipm_distributed_fifo_v1_2_fifo0.v successfully.
Executing : .rtl_analyze -include_path {C:/Users/FH/Desktop/conv3x3} C:/Users/FH/Desktop/conv3x3/ipcore/fifo0/rtl/ipm_distributed_fifo_ctr_v1_0.v
I: Verilog-0001: Analyzing file C:/Users/FH/Desktop/conv3x3/ipcore/fifo0/rtl/ipm_distributed_fifo_ctr_v1_0.v
I: Verilog-0002: [C:/Users/FH/Desktop/conv3x3/ipcore/fifo0/rtl/ipm_distributed_fifo_ctr_v1_0.v(line number: 18)] Analyzing module ipm_distributed_fifo_ctr_v1_0 (library work)
Parsing done.
Executing : .rtl_analyze -include_path {C:/Users/FH/Desktop/conv3x3} C:/Users/FH/Desktop/conv3x3/ipcore/fifo0/rtl/ipm_distributed_fifo_ctr_v1_0.v successfully.
 0.013712s wall, 0.000000s user + 0.000000s system = 0.000000s CPU (n/a%)
Start rtl-elaborate.
I: Module "conv" is set as top module.
I: Verilog-0003: [C:/Users/FH/Desktop/conv3x3/source/Desktop/conv.v(line number: 1)] Elaborating module conv
I: Verilog-0003: [C:/Users/FH/Desktop/conv3x3/source/matrix_3x3/source/Desktop/line_buffer.v(line number: 3)] Elaborating module matrix_3x3
I: Verilog-0003: [C:/Users/FH/Desktop/conv3x3/source/Desktop/line_buffer.v(line number: 3)] Elaborating module line_buffer
I: Verilog-0003: [C:/Users/FH/Desktop/conv3x3/ipcore/fifo0/fifo0.v(line number: 20)] Elaborating module fifo0
I: Verilog-0003: [C:/Users/FH/Desktop/conv3x3/ipcore/fifo0/rtl/ipm_distributed_fifo_v1_2_fifo0.v(line number: 21)] Elaborating module ipm_distributed_fifo_v1_2_fifo0
I: Verilog-0003: [C:/Users/FH/Desktop/conv3x3/ipcore/fifo0/rtl/ipm_distributed_sdpram_v1_2_fifo0.v(line number: 22)] Elaborating module ipm_distributed_sdpram_v1_2_fifo0
W: Verilog-2021: [C:/Users/FH/Desktop/conv3x3/ipcore/fifo0/rtl/ipm_distributed_sdpram_v1_2_fifo0.v(line number: 56)] Net i in module ipm_distributed_sdpram_v1_2_fifo0 does not have a driver, tie it to 0
W: Verilog-2021: [C:/Users/FH/Desktop/conv3x3/ipcore/fifo0/rtl/ipm_distributed_sdpram_v1_2_fifo0.v(line number: 56)] Net j in module ipm_distributed_sdpram_v1_2_fifo0 does not have a driver, tie it to 0
I: Verilog-0003: [C:/Users/FH/Desktop/conv3x3/ipcore/fifo0/rtl/ipm_distributed_fifo_ctr_v1_0.v(line number: 18)] Elaborating module ipm_distributed_fifo_ctr_v1_0
W: Verilog-2021: [C:/Users/FH/Desktop/conv3x3/ipcore/fifo0/rtl/ipm_distributed_fifo_ctr_v1_0.v(line number: 46)] Net wrptr1 in module ipm_distributed_fifo_ctr_v1_0 does not have a driver, tie it to 0
W: Verilog-2021: [C:/Users/FH/Desktop/conv3x3/ipcore/fifo0/rtl/ipm_distributed_fifo_ctr_v1_0.v(line number: 48)] Net wbin in module ipm_distributed_fifo_ctr_v1_0 does not have a driver, tie it to 0
W: Verilog-2021: [C:/Users/FH/Desktop/conv3x3/ipcore/fifo0/rtl/ipm_distributed_fifo_ctr_v1_0.v(line number: 57)] Net rwptr1 in module ipm_distributed_fifo_ctr_v1_0 does not have a driver, tie it to 0
W: Verilog-2021: [C:/Users/FH/Desktop/conv3x3/ipcore/fifo0/rtl/ipm_distributed_fifo_ctr_v1_0.v(line number: 59)] Net rbin in module ipm_distributed_fifo_ctr_v1_0 does not have a driver, tie it to 0
W: Verilog-2021: [C:/Users/FH/Desktop/conv3x3/ipcore/fifo0/rtl/ipm_distributed_fifo_ctr_v1_0.v(line number: 67)] Net asyn_wfull in module ipm_distributed_fifo_ctr_v1_0 does not have a driver, tie it to 0
W: Verilog-2021: [C:/Users/FH/Desktop/conv3x3/ipcore/fifo0/rtl/ipm_distributed_fifo_ctr_v1_0.v(line number: 68)] Net asyn_almost_full in module ipm_distributed_fifo_ctr_v1_0 does not have a driver, tie it to 0
W: Verilog-2021: [C:/Users/FH/Desktop/conv3x3/ipcore/fifo0/rtl/ipm_distributed_fifo_ctr_v1_0.v(line number: 69)] Net asyn_rempty in module ipm_distributed_fifo_ctr_v1_0 does not have a driver, tie it to 0
W: Verilog-2021: [C:/Users/FH/Desktop/conv3x3/ipcore/fifo0/rtl/ipm_distributed_fifo_ctr_v1_0.v(line number: 70)] Net asyn_almost_empty in module ipm_distributed_fifo_ctr_v1_0 does not have a driver, tie it to 0
W: Verilog-2021: [C:/Users/FH/Desktop/conv3x3/ipcore/fifo0/rtl/ipm_distributed_fifo_ctr_v1_0.v(line number: 81)] Net ASYN_CTRL.i in module ipm_distributed_fifo_ctr_v1_0 does not have a driver, tie it to 0
W: Verilog-2021: [C:/Users/FH/Desktop/conv3x3/ipcore/fifo0/rtl/ipm_distributed_fifo_ctr_v1_0.v(line number: 131)] Net ASYN_CTRL.j in module ipm_distributed_fifo_ctr_v1_0 does not have a driver, tie it to 0
I: Verilog-0003: [C:/Users/FH/Desktop/conv3x3/source/Desktop/line_buffer.v(line number: 3)] Elaborating module line_buffer
I: Verilog-0003: [C:/Users/FH/Desktop/conv3x3/source/Desktop/line_buffer.v(line number: 3)] Elaborating module line_buffer
W: Verilog-2019: [C:/Users/FH/Desktop/conv3x3/source/Desktop/conv.v(line number: 67)] Width mismatch between port din and signal bound to it for instantiated module matrix_3x3
W: Verilog-2019: [C:/Users/FH/Desktop/conv3x3/source/Desktop/conv.v(line number: 67)] Width mismatch between port dout_r0 and signal bound to it for instantiated module matrix_3x3
W: Verilog-2019: [C:/Users/FH/Desktop/conv3x3/source/Desktop/conv.v(line number: 67)] Width mismatch between port dout_r1 and signal bound to it for instantiated module matrix_3x3
W: Verilog-2019: [C:/Users/FH/Desktop/conv3x3/source/Desktop/conv.v(line number: 67)] Width mismatch between port dout_r2 and signal bound to it for instantiated module matrix_3x3
Executing : rtl-elaborate successfully.
 0.020022s wall, 0.000000s user + 0.000000s system = 0.000000s CPU (n/a%)
Start rtl-prep.
Executing : rtl-prep successfully.
 0.008049s wall, 0.000000s user + 0.000000s system = 0.000000s CPU (n/a%)
Start rtl-infer.
I: Sdm-0001: Found Ram mem, depth=16, width=10.
Executing : rtl-infer successfully.
 0.115902s wall, 0.078125s user + 0.062500s system = 0.140625s CPU (121.3%)
Start rtl-control-opt.
Executing : rtl-control-opt successfully.
 0.002849s wall, 0.000000s user + 0.000000s system = 0.000000s CPU (n/a%)
Start rtl-data-opt.
Executing : rtl-data-opt successfully.
 0.020211s wall, 0.015625s user + 0.000000s system = 0.015625s CPU (77.3%)
Start FSM inference.
Executing : FSM inference successfully.
 0.002793s wall, 0.000000s user + 0.000000s system = 0.000000s CPU (n/a%)
Start sdm2adm.
I: Constant propagation done on N21 (bmsWIDEMUX).
Executing : sdm2adm successfully.
 0.040810s wall, 0.046875s user + 0.000000s system = 0.046875s CPU (114.9%)
Saving design to DB.
Action compile: Real time elapsed is 4.000 sec
Action compile: CPU time elapsed is 2.203 sec
Current time: Sun Feb 26 23:04:16 2023
Action compile: Peak memory pool usage is 121,389,056 bytes
Process "Compile" done.
